#
# A fatal error has been detected by the Java Runtime Environment:
#
#  EXCEPTION_ACCESS_VIOLATION (0xc0000005) at pc=0x00000000029bcc30, pid=2688, tid=0x000000000000039c
#
# JRE version: Java(TM) SE Runtime Environment (8.0_101-b13) (build 1.8.0_101-b13)
# Java VM: Java HotSpot(TM) 64-Bit Server VM (25.101-b13 mixed mode windows-amd64 compressed oops)
# Problematic frame:
# J 775 C2 com.android.dx.ssa.NormalSsaInsn.getSources()Lcom/android/dx/rop/code/RegisterSpecList; (8 bytes) @ 0x00000000029bcc30 [0x00000000029bcc00+0x30]
#
# Failed to write core dump. Minidumps are not enabled by default on client versions of Windows
#
# If you would like to submit a bug report, please visit:
#   http://bugreport.java.com/bugreport/crash.jsp
#

---------------  T H R E A D  ---------------

Current thread (0x000000001664d800):  JavaThread "pool-1-thread-3" [_thread_in_Java, id=924, stack(0x0000000016fb0000,0x00000000170b0000)]

siginfo: ExceptionCode=0xc0000005, reading address 0x00000000cbcb81e0

Registers:
RAX=0x0000000100083b70, RBX=0x00000000000007db, RCX=0x00000000148e6088, RDX=0x00000000ebcc9ec8
RSP=0x00000000170ae7d0, RBP=0x00000000170ae900, RSI=0x0000000100083b70, RDI=0x00000000149a3fd8
R8 =0x00000000ebcca1b0, R9 =0x0000000000000001, R10=0x0000000100083b70, R11=0x00000000cbcb81c8
R12=0x0000000000000000, R13=0x00000000170ae8b0, R14=0x00000000170ae940, R15=0x000000001664d800
RIP=0x00000000029bcc30, EFLAGS=0x0000000000010202

Top of Stack: (sp=0x00000000170ae7d0)
0x00000000170ae7d0:   00000000170ae900 000000000291ea94
0x00000000170ae7e0:   00000000170ae900 000000000293f0f4
0x00000000170ae7f0:   000000001459923e 00000000170ae848
0x00000000170ae800:   000000001459ad70 0000000000000000
0x00000000170ae810:   0000000014599250 0000000000000000
0x00000000170ae820:   00000000170ae838 00000000170ae890
0x00000000170ae830:   00000000026b835d 0000000000000000
0x00000000170ae840:   000000000000004c 00000000ebccd9a0
0x00000000170ae850:   00000000ebcca1b0 0000000000000001
0x00000000170ae860:   00000000ebcc9ee0 00000000148f3de0
0x00000000170ae870:   00000000ebcc9f18 00000000148f2720
0x00000000170ae880:   00000000ebcd2718 00000000170ae8b0
0x00000000170ae890:   00000000170ae900 00000000026b7b30
0x00000000170ae8a0:   00000000170ae900 00000000026b7b30
0x00000000170ae8b0:   00000000ebcca1b0 00000000ebcc9d60
0x00000000170ae8c0:   00000000170ae8c0 00000000148e5a58 

Instructions: (pc=0x00000000029bcc30)
0x00000000029bcc10:   ff 66 66 90 0f 1f 84 00 00 00 00 00 66 66 66 90
0x00000000029bcc20:   89 84 24 00 a0 ff ff 55 48 83 ec 10 44 8b 5a 14
0x00000000029bcc30:   45 8b 53 18 49 8b c2 48 83 c4 10 5d 85 05 be 33
0x00000000029bcc40:   1b fe c3 ba f6 ff ff ff 66 66 90 e8 50 8b d3 ff 


Register to memory mapping:

RAX=0x0000000100083b70 is pointing into metadata
RBX=0x00000000000007db is an unknown value
RCX=0x00000000148e6088 is pointing into metadata
RDX=0x00000000ebcc9ec8 is an oop
com.android.dx.ssa.NormalSsaInsn 
 - klass: 'com/android/dx/ssa/NormalSsaInsn'
RSP=0x00000000170ae7d0 is pointing into the stack for thread: 0x000000001664d800
RBP=0x00000000170ae900 is pointing into the stack for thread: 0x000000001664d800
RSI=0x0000000100083b70 is pointing into metadata
RDI=0x00000000149a3fd8 is pointing into metadata
R8 =0x00000000ebcca1b0 is an oop
com.android.dx.ssa.SsaBasicBlock 
 - klass: 'com/android/dx/ssa/SsaBasicBlock'
R9 =0x0000000000000001 is an unknown value
R10=0x0000000100083b70 is pointing into metadata
R11=0x00000000cbcb81c8 is an unallocated location in the heap
R12=0x0000000000000000 is an unknown value
R13=0x00000000170ae8b0 is pointing into the stack for thread: 0x000000001664d800
R14=0x00000000170ae940 is pointing into the stack for thread: 0x000000001664d800
R15=0x000000001664d800 is a thread


Stack: [0x0000000016fb0000,0x00000000170b0000],  sp=0x00000000170ae7d0,  free space=1017k
Native frames: (J=compiled Java code, j=interpreted, Vv=VM code, C=native code)
C  0x00000000029bcc30


---------------  P R O C E S S  ---------------

Java Threads: ( => current thread )
  0x0000000016804000 JavaThread "pool-1-thread-4" [_thread_in_vm, id=2584, stack(0x00000000170b0000,0x00000000171b0000)]
=>0x000000001664d800 JavaThread "pool-1-thread-3" [_thread_in_Java, id=924, stack(0x0000000016fb0000,0x00000000170b0000)]
  0x0000000016646000 JavaThread "pool-1-thread-2" [_thread_in_vm, id=1052, stack(0x0000000016eb0000,0x0000000016fb0000)]
  0x0000000016746000 JavaThread "pool-2-thread-1" [_thread_blocked, id=4004, stack(0x0000000016db0000,0x0000000016eb0000)]
  0x000000001673f000 JavaThread "pool-1-thread-1" [_thread_in_Java, id=5568, stack(0x0000000016cb0000,0x0000000016db0000)]
  0x00000000165b6800 JavaThread "Service Thread" daemon [_thread_blocked, id=7104, stack(0x0000000016ab0000,0x0000000016bb0000)]
  0x0000000014ddd800 JavaThread "C1 CompilerThread2" daemon [_thread_blocked, id=2660, stack(0x00000000169b0000,0x0000000016ab0000)]
  0x0000000014dd7800 JavaThread "C2 CompilerThread1" daemon [_thread_blocked, id=5780, stack(0x00000000164b0000,0x00000000165b0000)]
  0x0000000014d8a000 JavaThread "C2 CompilerThread0" daemon [_thread_in_native, id=5472, stack(0x00000000163b0000,0x00000000164b0000)]
  0x0000000014d88000 JavaThread "Attach Listener" daemon [_thread_blocked, id=7092, stack(0x00000000162b0000,0x00000000163b0000)]
  0x0000000014d86800 JavaThread "Signal Dispatcher" daemon [_thread_blocked, id=6360, stack(0x00000000161b0000,0x00000000162b0000)]
  0x0000000014d6a800 JavaThread "Finalizer" daemon [_thread_blocked, id=1600, stack(0x0000000015fd0000,0x00000000160d0000)]
  0x000000000269f800 JavaThread "Reference Handler" daemon [_thread_blocked, id=3592, stack(0x0000000015ed0000,0x0000000015fd0000)]
  0x00000000025b0800 JavaThread "main" [_thread_in_vm, id=3296, stack(0x00000000024b0000,0x00000000025b0000)]

Other Threads:
  0x0000000014d48000 VMThread [stack: 0x0000000015dd0000,0x0000000015ed0000] [id=6004]
  0x00000000165bc000 WatcherThread [stack: 0x0000000016bb0000,0x0000000016cb0000] [id=7132]

VM state:synchronizing (normal execution)

VM Mutex/Monitor currently owned by a thread:  ([mutex/lock_event])
[0x00000000023cc360] Safepoint_lock - owner thread: 0x0000000014d48000
[0x00000000023cc2e0] Threads_lock - owner thread: 0x0000000014d48000

Heap:
 PSYoungGen      total 38400K, used 26929K [0x00000000eab00000, 0x00000000ed580000, 0x0000000100000000)
  eden space 33280K, 80% used [0x00000000eab00000,0x00000000ec54c7a0,0x00000000ecb80000)
  from space 5120K, 0% used [0x00000000ed080000,0x00000000ed080000,0x00000000ed580000)
  to   space 5120K, 0% used [0x00000000ecb80000,0x00000000ecb80000,0x00000000ed080000)
 ParOldGen       total 87552K, used 0K [0x00000000c0000000, 0x00000000c5580000, 0x00000000eab00000)
  object space 87552K, 0% used [0x00000000c0000000,0x00000000c0000000,0x00000000c5580000)
 Metaspace       used 5880K, capacity 6960K, committed 7040K, reserved 1056768K
  class space    used 591K, capacity 616K, committed 640K, reserved 1048576K

Card table byte_map: [0x0000000011a70000,0x0000000011c80000] byte_map_base: 0x0000000011470000

Marking Bits: (ParMarkBitMap*) 0x00000000708ea6d0
 Begin Bits: [0x00000000121e0000, 0x00000000131e0000)
 End Bits:   [0x00000000131e0000, 0x00000000141e0000)

Polling page: 0x0000000000b70000

CodeCache: size=245760Kb used=4913Kb max_used=4913Kb free=240846Kb
 bounds [0x00000000026b0000, 0x0000000002b90000, 0x00000000116b0000]
 total_blobs=1471 nmethods=1208 adapters=176
 compilation: enabled

Compilation events (10 events):
Event: 16.316 Thread 0x0000000014ddd800 1112       3       com.android.dx.rop.type.Type::isIntlike (56 bytes)
Event: 16.317 Thread 0x0000000014ddd800 nmethod 1112 0x0000000002b14d10 code [0x0000000002b14e60, 0x0000000002b14ff0]
Event: 16.317 Thread 0x0000000014ddd800 1111       3       com.android.dx.rop.code.Rops::opConst (85 bytes)
Event: 16.320 Thread 0x0000000014ddd800 nmethod 1111 0x0000000002b22fd0 code [0x0000000002b23220, 0x0000000002b23f28]
Event: 16.320 Thread 0x0000000014ddd800 1113       3       java.lang.Character::forDigit (42 bytes)
Event: 16.321 Thread 0x0000000014dd7800 nmethod 1105 0x0000000002b244d0 code [0x0000000002b24680, 0x0000000002b24ea8]
Event: 16.321 Thread 0x0000000014ddd800 nmethod 1113 0x0000000002b14890 code [0x0000000002b14a00, 0x0000000002b14cb0]
Event: 16.322 Thread 0x0000000014ddd800 1114   !   3       com.android.dx.cf.code.OneLocalsArray::set (106 bytes)
Event: 16.325 Thread 0x0000000014ddd800 nmethod 1114 0x0000000002b218d0 code [0x0000000002b21b20, 0x0000000002b22958]
Event: 16.325 Thread 0x0000000014ddd800 1115       3       com.android.dx.cf.code.Ropper::addExceptionSetupBlocks (203 bytes)

GC Heap History (0 events):
No events

Deoptimization events (7 events):
Event: 14.863 Thread 0x000000001673f000 Uncommon trap: reason=class_check action=maybe_recompile pc=0x0000000002923130 method=com.android.dx.ssa.NormalSsaInsn.accept(Lcom/android/dx/ssa/SsaInsn$Visitor;)V @ 9
Event: 15.221 Thread 0x00000000025b0800 Uncommon trap: reason=unstable_if action=reinterpret pc=0x0000000002922db4 method=java.util.BitSet.ensureCapacity(I)V @ 6
Event: 15.221 Thread 0x00000000025b0800 Uncommon trap: reason=unstable_if action=reinterpret pc=0x00000000028fc7b0 method=java.util.BitSet.nextSetBit(I)I @ 87
Event: 15.630 Thread 0x000000001664d800 Uncommon trap: reason=null_check action=make_not_entrant pc=0x00000000029ffc80 method=com.android.dx.ssa.SsaRenamer.getLocalForNewReg(I)Lcom/android/dx/rop/code/LocalItem; @ 19
Event: 15.722 Thread 0x000000001673f000 Uncommon trap: reason=class_check action=maybe_recompile pc=0x0000000002923130 method=com.android.dx.ssa.NormalSsaInsn.accept(Lcom/android/dx/ssa/SsaInsn$Visitor;)V @ 9
Event: 15.722 Thread 0x000000001673f000 Uncommon trap: reason=class_check action=maybe_recompile pc=0x0000000002923130 method=com.android.dx.ssa.NormalSsaInsn.accept(Lcom/android/dx/ssa/SsaInsn$Visitor;)V @ 9
Event: 15.722 Thread 0x000000001673f000 Uncommon trap: reason=class_check action=maybe_recompile pc=0x0000000002923130 method=com.android.dx.ssa.NormalSsaInsn.accept(Lcom/android/dx/ssa/SsaInsn$Visitor;)V @ 9

Internal exceptions (3 events):
Event: 1.436 Thread 0x00000000025b0800 Exception <a 'java/lang/NoSuchMethodError': Method sun.misc.Unsafe.defineClass(Ljava/lang/String;[BII)Ljava/lang/Class; name or signature does not match> (0x00000000eab07cc0) thrown at [C:\re\workspace\8-2-build-windows-amd64-cygwin\jdk8u101\7261\hotspot\s@.mæüö?
Event: 1.437 Thread 0x00000000025b0800 Exception <a 'java/lang/NoSuchMethodError': Method sun.misc.Unsafe.prefetchRead(Ljava/lang/Object;J)V name or signature does not match> (0x00000000eab07fa8) thrown at [C:\re\workspace\8-2-build-windows-amd64-cygwin\jdk8u101\7261\hotspot\src\share\vm\prims\\4ædkB/@
Event: 15.630 Thread 0x000000001664d800 Implicit null exception at 0x00000000029fd9a4 to 0x00000000029ffc3d

Events (10 events):
Event: 15.722 Thread 0x000000001673f000 DEOPT UNPACKING pc=0x00000000026f582a sp=0x0000000016dae930 mode 2
Event: 15.722 Thread 0x000000001673f000 Uncommon trap: trap_request=0xffffffde fr.pc=0x0000000002923130
Event: 15.722 Thread 0x000000001673f000 DEOPT PACKING pc=0x0000000002923130 sp=0x0000000016dae990
Event: 15.722 Thread 0x000000001673f000 DEOPT UNPACKING pc=0x00000000026f582a sp=0x0000000016dae930 mode 2
Event: 16.020 loading class com/android/dx/cf/attrib/AttRuntimeInvisibleParameterAnnotations
Event: 16.020 loading class com/android/dx/cf/attrib/AttRuntimeInvisibleParameterAnnotations done
Event: 16.022 loading class com/android/dx/cf/attrib/BaseParameterAnnotations
Event: 16.022 loading class com/android/dx/cf/attrib/BaseParameterAnnotations done
Event: 16.165 loading class java/util/DualPivotQuicksort
Event: 16.166 loading class java/util/DualPivotQuicksort done


Dynamic libraries:
0x00007ff60a790000 - 0x00007ff60a7c7000 	C:\Program Files\Java\jdk1.8.0_101\bin\java.exe
0x00007ff8dd5c0000 - 0x00007ff8dd76d000 	C:\Windows\SYSTEM32\ntdll.dll
0x00007ff8dd3d0000 - 0x00007ff8dd50e000 	C:\Windows\system32\KERNEL32.DLL
0x00007ff8daa80000 - 0x00007ff8dab95000 	C:\Windows\system32\KERNELBASE.dll
0x00007ff8d92d0000 - 0x00007ff8d935e000 	C:\Windows\system32\apphelp.dll
0x00007ff8ce5c0000 - 0x00007ff8ce613000 	C:\Windows\AppPatch\AppPatch64\AcGenral.DLL
0x00007ff8dc5c0000 - 0x00007ff8dc66a000 	C:\Windows\system32\msvcrt.dll
0x00007ff8da870000 - 0x00007ff8da89e000 	C:\Windows\system32\SspiCli.dll
0x00007ff8dad20000 - 0x00007ff8dad74000 	C:\Windows\system32\SHLWAPI.dll
0x00007ff8dcda0000 - 0x00007ff8dcf17000 	C:\Windows\system32\USER32.dll
0x00007ff8dcf80000 - 0x00007ff8dd114000 	C:\Windows\system32\ole32.dll
0x00007ff8dae40000 - 0x00007ff8dc369000 	C:\Windows\system32\SHELL32.dll
0x00007ff8d9cc0000 - 0x00007ff8d9ce1000 	C:\Windows\SYSTEM32\USERENV.dll
0x00007ff8dd510000 - 0x00007ff8dd5ba000 	C:\Windows\system32\ADVAPI32.dll
0x00007ff8d6520000 - 0x00007ff8d653e000 	C:\Windows\SYSTEM32\MPR.dll
0x00007ff8dc920000 - 0x00007ff8dca60000 	C:\Windows\system32\RPCRT4.dll
0x00007ff8dc560000 - 0x00007ff8dc5b9000 	C:\Windows\SYSTEM32\sechost.dll
0x00007ff8dcad0000 - 0x00007ff8dcce1000 	C:\Windows\SYSTEM32\combase.dll
0x00007ff8dd280000 - 0x00007ff8dd3cf000 	C:\Windows\system32\GDI32.dll
0x00007ff8da6f0000 - 0x00007ff8da705000 	C:\Windows\SYSTEM32\profapi.dll
0x00007ff8d8c90000 - 0x00007ff8d8d42000 	C:\Windows\SYSTEM32\SHCORE.dll
0x00007ff8dccf0000 - 0x00007ff8dcd26000 	C:\Windows\system32\IMM32.DLL
0x00007ff8dd120000 - 0x00007ff8dd272000 	C:\Windows\system32\MSCTF.dll
0x00007ff8d8810000 - 0x00007ff8d8a8b000 	C:\Windows\WinSxS\amd64_microsoft.windows.common-controls_6595b64144ccf1df_6.0.9600.18006_none_623f33d3ecbe86e8\COMCTL32.dll
0x000000006fae0000 - 0x000000006fbb2000 	C:\Program Files\Java\jdk1.8.0_101\jre\bin\msvcr100.dll
0x00000000700d0000 - 0x000000007096a000 	C:\Program Files\Java\jdk1.8.0_101\jre\bin\server\jvm.dll
0x00007ff8d86b0000 - 0x00007ff8d86b9000 	C:\Windows\SYSTEM32\WSOCK32.dll
0x00007ff8d1e30000 - 0x00007ff8d1e52000 	C:\Windows\SYSTEM32\WINMM.dll
0x00007ff8d7250000 - 0x00007ff8d725a000 	C:\Windows\SYSTEM32\VERSION.dll
0x00007ff8dc910000 - 0x00007ff8dc917000 	C:\Windows\system32\PSAPI.DLL
0x00007ff8dcf20000 - 0x00007ff8dcf7a000 	C:\Windows\system32\WS2_32.dll
0x00007ff8d1e00000 - 0x00007ff8d1e2a000 	C:\Windows\SYSTEM32\WINMMBASE.dll
0x00007ff8dc370000 - 0x00007ff8dc379000 	C:\Windows\system32\NSI.dll
0x00007ff8da820000 - 0x00007ff8da86f000 	C:\Windows\SYSTEM32\cfgmgr32.dll
0x00007ff8d9510000 - 0x00007ff8d9538000 	C:\Windows\SYSTEM32\DEVOBJ.dll
0x0000000070c10000 - 0x0000000070c1f000 	C:\Program Files\Java\jdk1.8.0_101\jre\bin\verify.dll
0x000000006ffc0000 - 0x000000006ffe9000 	C:\Program Files\Java\jdk1.8.0_101\jre\bin\java.dll
0x000000006ffa0000 - 0x000000006ffb6000 	C:\Program Files\Java\jdk1.8.0_101\jre\bin\zip.dll
0x00007ff8d5740000 - 0x00007ff8d58c9000 	C:\Windows\SYSTEM32\dbghelp.dll

VM Arguments:
jvm_args: -Djava.awt.headless=true -Xmx1024M -Dfile.encoding=windows-1252 -Duser.country=US -Duser.language=en -Duser.variant 
java_command: com.android.dx.command.Main --dex --force-jumbo --num-threads=4 --output E:\Aashish Documents\Android\ACAP\app\build\intermediates\pre-dexed\debug\com.android.support-support-core-utils-24.2.1_61be605eb6324ea959d9aba8dbbb49a2718df58e.jar E:\Aashish Documents\Android\ACAP\app\build\intermediates\exploded-aar\com.android.support\support-core-utils\24.2.1\jars\classes.jar
java_class_path (initial): C:\Users\VOSTRO\AppData\Local\Android\Sdk\build-tools\24.0.1\lib\dx.jar
Launcher Type: SUN_STANDARD

Environment Variables:
PATH=C:\ProgramData\Oracle\Java\javapath;C:\Windows\system32;C:\Windows;C:\Windows\System32\Wbem;C:\Windows\System32\WindowsPowerShell\v1.0\;C:\Program Files (x86)\Windows Live\Shared;C:\Program Files (x86)\Microsoft SQL Server\100\Tools\Binn\;C:\Program Files\Microsoft SQL Server\100\Tools\Binn\;C:\Program Files\Microsoft SQL Server\100\DTS\Binn\
USERNAME=VOSTRO
OS=Windows_NT
PROCESSOR_IDENTIFIER=Intel64 Family 6 Model 42 Stepping 7, GenuineIntel



---------------  S Y S T E M  ---------------

OS: Windows 8.1 , 64 bit Build 9600 (6.3.9600.17415)

CPU:total 4 (2 cores per cpu, 2 threads per core) family 6 model 42 stepping 7, cmov, cx8, fxsr, mmx, sse, sse2, sse3, ssse3, sse4.1, sse4.2, popcnt, avx, aes, clmul, ht, tsc, tscinvbit

Memory: 4k page, physical 8294672k(3108440k free), swap 16683280k(10254340k free)

vm_info: Java HotSpot(TM) 64-Bit Server VM (25.101-b13) for windows-amd64 JRE (1.8.0_101-b13), built on Jun 22 2016 01:21:29 by "java_re" with MS VC++ 10.0 (VS2010)

time: Sun Sep 25 10:46:17 2016
elapsed time: 16 seconds (0d 0h 0m 16s)

